2024-12-06 20:23:58,733 - INFO - Starting data preparation script
2024-12-06 20:23:58,733 - INFO - Checking if data directories exist
2024-12-06 20:23:58,733 - INFO - Downloading data from Kaggle
2024-12-06 20:23:58,733 - INFO - Extracting data
2024-12-06 20:24:08,118 - INFO - Data extraction complete
2024-12-06 20:24:08,118 - INFO - Loading data
2024-12-06 20:24:08,157 - INFO - Data loaded
2024-12-06 20:24:08,157 - INFO - Merging data
2024-12-06 20:24:48,878 - INFO - Data loaded
2024-12-06 20:24:48,879 - INFO - Displaying basic information
2024-12-06 20:24:48,879 - INFO - Number of images: 11788
2024-12-06 20:24:48,880 - INFO - Headers of metadata:
    image_id                                         image_path  class_id      x  ...      mean_b  img_width_px  img_height_px num_pixels
0         1  001.Black_footed_Albatross/Black_Footed_Albatr...         1   60.0  ...  145.998352         335.0          500.0   167500.0
1         2  001.Black_footed_Albatross/Black_Footed_Albatr...         1  139.0  ...  208.317887         336.0          500.0   168000.0
2         3  001.Black_footed_Albatross/Black_Footed_Albatr...         1   14.0  ...  144.494720         347.0          500.0   173500.0
3         4  001.Black_footed_Albatross/Black_Footed_Albatr...         1  112.0  ...  182.936173         500.0          415.0   207500.0
4         5  001.Black_footed_Albatross/Black_Footed_Albatr...         1   70.0  ...  216.404500         380.0          331.0   125780.0

[5 rows x 14 columns]
2024-12-06 20:24:48,900 - INFO - Displaying class distribution
2024-12-06 20:24:48,902 - INFO - Class counts: class_id
1      60
130    60
118    60
120    60
121    60
       ..
105    49
8      48
18     45
5      44
6      41
Name: count, Length: 200, dtype: int64
2024-12-06 20:24:48,903 - INFO - Plotting class distribution
2024-12-06 20:24:49,232 - INFO - Splitting data into training and finetuning
2024-12-06 20:24:49,236 - INFO - Training data size: 8251
2024-12-06 20:24:49,236 - INFO - Finetuning data size: 3537
2024-12-06 20:24:49,236 - INFO - Copying images to data/train
2024-12-06 20:24:52,638 - INFO - Copying images to data/finetune
2024-12-06 20:24:54,133 - INFO - Metadata saved to training and finetuning directories
2024-12-06 20:24:54,133 - INFO - Statistics for training data
2024-12-06 20:24:54,142 - INFO -            image_id     class_id            x            y        width  ...       mean_g       mean_b  img_width_px  img_height_px     num_pixels
count   8251.000000  8251.000000  8251.000000  8251.000000  8251.000000  ...  8251.000000  8251.000000   8251.000000    8251.000000    8251.000000
mean    5863.707551   100.604169   103.719307    83.701976   257.452430  ...   127.444510   110.291150    386.321537     468.416919  179537.921343
std     3413.284119    57.653964    63.350515    42.771563    88.673757  ...    32.178630    43.903199     70.437788      63.126754   31121.552038
min        1.000000     1.000000     0.000000     0.000000   100.000000  ...    16.925360     7.289564    120.000000     121.000000   19460.000000
25%     2902.500000    51.000000    52.500000    53.000000   188.000000  ...   106.805091    77.937282    333.000000     499.000000  166500.000000
50%     5836.000000   100.000000    98.000000    80.000000   249.000000  ...   127.147573   105.607488    375.000000     500.000000  178500.000000
75%     8841.500000   151.000000   149.000000   110.000000   320.000000  ...   148.061819   139.649739    434.000000     500.000000  194500.000000
max    11788.000000   200.000000   336.000000   301.000000   500.000000  ...   244.110886   247.580677    500.000000     500.000000  250000.000000

[8 rows x 12 columns]
2024-12-06 20:24:54,150 - INFO - Statistics for finetuning data
2024-12-06 20:24:54,155 - INFO -            image_id     class_id            x            y        width  ...       mean_g       mean_b  img_width_px  img_height_px     num_pixels
count   3537.000000  3537.000000  3537.000000  3537.000000  3537.000000  ...  3537.000000  3537.000000   3537.000000    3537.000000    3537.000000
mean    5966.331637   102.344360   104.849307    83.608991   255.102347  ...   127.300133   109.659155    385.349731     466.650269  178701.647159
std     3378.434590    57.051008    63.892228    43.231345    88.818099  ...    31.932778    43.062010     71.940316      65.759727   32628.447676
min        3.000000     1.000000     0.000000     0.000000   100.000000  ...    23.139873     6.265749    131.000000     140.000000   20736.000000
25%     3043.000000    53.000000    52.000000    52.000000   184.000000  ...   106.499180    78.962055    333.000000     482.000000  166500.000000
50%     6032.000000   103.000000   100.000000    81.000000   246.000000  ...   126.437176   103.213045    375.000000     500.000000  178500.000000
75%     8840.000000   151.000000   150.000000   110.000000   319.000000  ...   147.287495   136.834468    432.000000     500.000000  193500.000000
max    11787.000000   200.000000   320.000000   282.000000   499.000000  ...   242.831789   245.349784    500.000000     500.000000  250000.000000

[8 rows x 12 columns]
2024-12-06 20:24:54,162 - INFO - Data preparation complete
2024-12-06 20:24:54,162 - INFO - Log file saved to: logs/prep/data_prep_20241206_202358.log
